  pch.cpp
  test.cpp
test.obj : error LNK2019: unresolved external symbol "public: __cdecl books::books(struct bookDetails)" (??0books@@QEAA@UbookDetails@@@Z) referenced in function "private: virtual void __cdecl SRPTest1_BookName_Test::TestBody(void)" (?TestBody@SRPTest1_BookName_Test@@EEAAXXZ)
test.obj : error LNK2019: unresolved external symbol "public: __cdecl books::~books(void)" (??1books@@QEAA@XZ) referenced in function "private: virtual void __cdecl SRPTest1_BookName_Test::TestBody(void)" (?TestBody@SRPTest1_BookName_Test@@EEAAXXZ)
test.obj : error LNK2019: unresolved external symbol "public: virtual class std::basic_string<char,struct std::char_traits<char>,class std::allocator<char> > __cdecl books::printDetails(void)const " (?printDetails@books@@UEBA?AV?$basic_string@DU?$char_traits@D@std@@V?$allocator@D@2@@std@@XZ) referenced in function "private: virtual void __cdecl SRPTest1_BookName_Test::TestBody(void)" (?TestBody@SRPTest1_BookName_Test@@EEAAXXZ)
C:\Users\niran\Source\Repos\NiranjanRavi05\x64\Debug\Sample-Test1.exe : fatal error LNK1120: 3 unresolved externals
